{"/home/fabien/Documents/work/redux-mod-concurrent-queue/src/Job/actions.js": {"path":"/home/fabien/Documents/work/redux-mod-concurrent-queue/src/Job/actions.js","statementMap":{"0":{"start":{"line":4,"column":21},"end":{"line":12,"column":1}},"1":{"start":{"line":14,"column":34},"end":{"line":25,"column":1}},"2":{"start":{"line":16,"column":25},"end":{"line":18,"column":3}},"3":{"start":{"line":17,"column":4},"end":{"line":17,"column":69}},"4":{"start":{"line":20,"column":21},"end":{"line":22,"column":3}},"5":{"start":{"line":21,"column":4},"end":{"line":21,"column":49}},"6":{"start":{"line":24,"column":2},"end":{"line":24,"column":36}},"7":{"start":{"line":27,"column":31},"end":{"line":30,"column":1}}},"fnMap":{"0":{"name":"(anonymous_0)","decl":{"start":{"line":14,"column":34},"end":{"line":14,"column":35}},"loc":{"start":{"line":14,"column":49},"end":{"line":25,"column":1}},"line":14},"1":{"name":"(anonymous_1)","decl":{"start":{"line":16,"column":25},"end":{"line":16,"column":26}},"loc":{"start":{"line":16,"column":43},"end":{"line":18,"column":3}},"line":16},"2":{"name":"(anonymous_2)","decl":{"start":{"line":20,"column":21},"end":{"line":20,"column":22}},"loc":{"start":{"line":20,"column":32},"end":{"line":22,"column":3}},"line":20}},"branchMap":{},"s":{"0":4,"1":4,"2":6,"3":2,"4":6,"5":4,"6":6,"7":4},"f":{"0":6,"1":2,"2":4},"b":{},"_coverageSchema":"43e27e138ebf9cfc5966b082cf9a028302ed4184","hash":"7eb0159100f6ce5d2d8435b2d48f896fa4184413"}
,"/home/fabien/Documents/work/redux-mod-concurrent-queue/src/Job/index.js": {"path":"/home/fabien/Documents/work/redux-mod-concurrent-queue/src/Job/index.js","statementMap":{"0":{"start":{"line":6,"column":55},"end":{"line":6,"column":62}},"1":{"start":{"line":8,"column":31},"end":{"line":8,"column":52}},"2":{"start":{"line":9,"column":23},"end":{"line":9,"column":53}},"3":{"start":{"line":10,"column":26},"end":{"line":10,"column":39}},"4":{"start":{"line":11,"column":25},"end":{"line":11,"column":52}},"5":{"start":{"line":11,"column":46},"end":{"line":11,"column":51}}},"fnMap":{"0":{"name":"(anonymous_0)","decl":{"start":{"line":11,"column":39},"end":{"line":11,"column":40}},"loc":{"start":{"line":11,"column":46},"end":{"line":11,"column":51}},"line":11}},"branchMap":{},"s":{"0":2,"1":2,"2":2,"3":2,"4":2,"5":1},"f":{"0":1},"b":{},"_coverageSchema":"43e27e138ebf9cfc5966b082cf9a028302ed4184","hash":"32a3eab860bca8391cde361975b0ae9afdbd3d11"}
,"/home/fabien/Documents/work/redux-mod-concurrent-queue/src/Job/reducer.js": {"path":"/home/fabien/Documents/work/redux-mod-concurrent-queue/src/Job/reducer.js","statementMap":{"0":{"start":{"line":7,"column":21},"end":{"line":46,"column":1}},"1":{"start":{"line":9,"column":22},"end":{"line":14,"column":3}},"2":{"start":{"line":16,"column":26},"end":{"line":33,"column":3}},"3":{"start":{"line":19,"column":18},"end":{"line":19,"column":25}},"4":{"start":{"line":20,"column":6},"end":{"line":23,"column":7}},"5":{"start":{"line":27,"column":28},"end":{"line":27,"column":35}},"6":{"start":{"line":28,"column":16},"end":{"line":28,"column":29}},"7":{"start":{"line":29,"column":6},"end":{"line":29,"column":26}},"8":{"start":{"line":30,"column":6},"end":{"line":30,"column":48}},"9":{"start":{"line":35,"column":19},"end":{"line":35,"column":63}},"10":{"start":{"line":38,"column":19},"end":{"line":41,"column":4}},"11":{"start":{"line":44,"column":2},"end":{"line":44,"column":16}}},"fnMap":{"0":{"name":"(anonymous_0)","decl":{"start":{"line":7,"column":21},"end":{"line":7,"column":22}},"loc":{"start":{"line":7,"column":53},"end":{"line":46,"column":1}},"line":7},"1":{"name":"(anonymous_1)","decl":{"start":{"line":18,"column":13},"end":{"line":18,"column":14}},"loc":{"start":{"line":18,"column":32},"end":{"line":24,"column":5}},"line":18},"2":{"name":"(anonymous_2)","decl":{"start":{"line":26,"column":17},"end":{"line":26,"column":18}},"loc":{"start":{"line":26,"column":36},"end":{"line":31,"column":5}},"line":26}},"branchMap":{"0":{"loc":{"start":{"line":7,"column":33},"end":{"line":7,"column":50}},"type":"default-arg","locations":[{"start":{"line":7,"column":48},"end":{"line":7,"column":50}}],"line":7}},"s":{"0":4,"1":4,"2":4,"3":2,"4":2,"5":1,"6":1,"7":1,"8":1,"9":4,"10":4,"11":4},"f":{"0":4,"1":2,"2":1},"b":{"0":[4]},"_coverageSchema":"43e27e138ebf9cfc5966b082cf9a028302ed4184","hash":"013713a6bb61957af8f3ac99dd9dd05da58ec830"}
,"/home/fabien/Documents/work/redux-mod-concurrent-queue/src/Queue/actions.js": {"path":"/home/fabien/Documents/work/redux-mod-concurrent-queue/src/Queue/actions.js","statementMap":{"0":{"start":{"line":3,"column":20},"end":{"line":10,"column":1}},"1":{"start":{"line":12,"column":34},"end":{"line":42,"column":1}},"2":{"start":{"line":14,"column":24},"end":{"line":19,"column":3}},"3":{"start":{"line":15,"column":4},"end":{"line":17,"column":5}},"4":{"start":{"line":16,"column":6},"end":{"line":16,"column":47}},"5":{"start":{"line":18,"column":4},"end":{"line":18,"column":56}},"6":{"start":{"line":21,"column":27},"end":{"line":23,"column":3}},"7":{"start":{"line":22,"column":4},"end":{"line":22,"column":69}},"8":{"start":{"line":25,"column":22},"end":{"line":27,"column":3}},"9":{"start":{"line":26,"column":4},"end":{"line":26,"column":68}},"10":{"start":{"line":28,"column":32},"end":{"line":30,"column":3}},"11":{"start":{"line":29,"column":4},"end":{"line":29,"column":79}},"12":{"start":{"line":32,"column":31},"end":{"line":38,"column":3}},"13":{"start":{"line":33,"column":4},"end":{"line":37,"column":5}},"14":{"start":{"line":34,"column":6},"end":{"line":34,"column":51}},"15":{"start":{"line":35,"column":6},"end":{"line":35,"column":100}},"16":{"start":{"line":40,"column":2},"end":{"line":40,"column":117}},"17":{"start":{"line":44,"column":31},"end":{"line":44,"column":123}}},"fnMap":{"0":{"name":"(anonymous_0)","decl":{"start":{"line":12,"column":34},"end":{"line":12,"column":35}},"loc":{"start":{"line":12,"column":49},"end":{"line":42,"column":1}},"line":12},"1":{"name":"(anonymous_1)","decl":{"start":{"line":14,"column":24},"end":{"line":14,"column":25}},"loc":{"start":{"line":14,"column":43},"end":{"line":19,"column":3}},"line":14},"2":{"name":"(anonymous_2)","decl":{"start":{"line":21,"column":27},"end":{"line":21,"column":28}},"loc":{"start":{"line":21,"column":43},"end":{"line":23,"column":3}},"line":21},"3":{"name":"(anonymous_3)","decl":{"start":{"line":25,"column":22},"end":{"line":25,"column":23}},"loc":{"start":{"line":25,"column":45},"end":{"line":27,"column":3}},"line":25},"4":{"name":"(anonymous_4)","decl":{"start":{"line":28,"column":32},"end":{"line":28,"column":33}},"loc":{"start":{"line":28,"column":55},"end":{"line":30,"column":3}},"line":28},"5":{"name":"(anonymous_5)","decl":{"start":{"line":32,"column":31},"end":{"line":32,"column":32}},"loc":{"start":{"line":32,"column":39},"end":{"line":38,"column":3}},"line":32},"6":{"name":"(anonymous_6)","decl":{"start":{"line":33,"column":11},"end":{"line":33,"column":12}},"loc":{"start":{"line":33,"column":23},"end":{"line":37,"column":5}},"line":33}},"branchMap":{"0":{"loc":{"start":{"line":14,"column":33},"end":{"line":14,"column":40}},"type":"default-arg","locations":[{"start":{"line":14,"column":38},"end":{"line":14,"column":40}}],"line":14},"1":{"loc":{"start":{"line":15,"column":4},"end":{"line":17,"column":5}},"type":"if","locations":[{"start":{"line":15,"column":4},"end":{"line":17,"column":5}},{"start":{"line":15,"column":4},"end":{"line":17,"column":5}}],"line":15},"2":{"loc":{"start":{"line":25,"column":34},"end":{"line":25,"column":42}},"type":"default-arg","locations":[{"start":{"line":25,"column":40},"end":{"line":25,"column":42}}],"line":25},"3":{"loc":{"start":{"line":28,"column":44},"end":{"line":28,"column":52}},"type":"default-arg","locations":[{"start":{"line":28,"column":51},"end":{"line":28,"column":52}}],"line":28}},"s":{"0":3,"1":3,"2":5,"3":108,"4":1,"5":107,"6":5,"7":4,"8":5,"9":3,"10":5,"11":3,"12":5,"13":1,"14":1,"15":1,"16":5,"17":3},"f":{"0":5,"1":108,"2":4,"3":3,"4":3,"5":1,"6":1},"b":{"0":[108],"1":[1,107],"2":[3],"3":[0]},"_coverageSchema":"43e27e138ebf9cfc5966b082cf9a028302ed4184","hash":"19a6bd998686e89600525d57c5ee7802ea280d5f"}
,"/home/fabien/Documents/work/redux-mod-concurrent-queue/src/Queue/index.js": {"path":"/home/fabien/Documents/work/redux-mod-concurrent-queue/src/Queue/index.js","statementMap":{"0":{"start":{"line":6,"column":56},"end":{"line":6,"column":63}},"1":{"start":{"line":8,"column":34},"end":{"line":8,"column":55}},"2":{"start":{"line":9,"column":34},"end":{"line":9,"column":64}},"3":{"start":{"line":10,"column":34},"end":{"line":10,"column":47}}},"fnMap":{},"branchMap":{},"s":{"0":1,"1":1,"2":1,"3":1},"f":{},"b":{},"_coverageSchema":"43e27e138ebf9cfc5966b082cf9a028302ed4184","hash":"53996b1466ace04dcbd9655b2cb73b938bafb265"}
,"/home/fabien/Documents/work/redux-mod-concurrent-queue/src/Queue/queue_item_reducer.js": {"path":"/home/fabien/Documents/work/redux-mod-concurrent-queue/src/Queue/queue_item_reducer.js","statementMap":{"0":{"start":{"line":7,"column":20},"end":{"line":42,"column":1}},"1":{"start":{"line":10,"column":26},"end":{"line":30,"column":3}},"2":{"start":{"line":12,"column":6},"end":{"line":14,"column":7}},"3":{"start":{"line":13,"column":8},"end":{"line":13,"column":56}},"4":{"start":{"line":15,"column":6},"end":{"line":21,"column":7}},"5":{"start":{"line":24,"column":6},"end":{"line":24,"column":66}},"6":{"start":{"line":27,"column":6},"end":{"line":27,"column":15}},"7":{"start":{"line":28,"column":6},"end":{"line":28,"column":56}},"8":{"start":{"line":32,"column":19},"end":{"line":32,"column":63}},"9":{"start":{"line":34,"column":18},"end":{"line":39,"column":4}},"10":{"start":{"line":41,"column":2},"end":{"line":41,"column":17}}},"fnMap":{"0":{"name":"(anonymous_0)","decl":{"start":{"line":7,"column":20},"end":{"line":7,"column":21}},"loc":{"start":{"line":7,"column":53},"end":{"line":42,"column":1}},"line":7},"1":{"name":"(anonymous_1)","decl":{"start":{"line":11,"column":22},"end":{"line":11,"column":23}},"loc":{"start":{"line":11,"column":43},"end":{"line":22,"column":5}},"line":11},"2":{"name":"(anonymous_2)","decl":{"start":{"line":23,"column":17},"end":{"line":23,"column":18}},"loc":{"start":{"line":23,"column":36},"end":{"line":25,"column":5}},"line":23},"3":{"name":"(anonymous_3)","decl":{"start":{"line":26,"column":23},"end":{"line":26,"column":24}},"loc":{"start":{"line":26,"column":42},"end":{"line":29,"column":5}},"line":26}},"branchMap":{"0":{"loc":{"start":{"line":7,"column":33},"end":{"line":7,"column":50}},"type":"default-arg","locations":[{"start":{"line":7,"column":48},"end":{"line":7,"column":50}}],"line":7},"1":{"loc":{"start":{"line":12,"column":6},"end":{"line":14,"column":7}},"type":"if","locations":[{"start":{"line":12,"column":6},"end":{"line":14,"column":7}},{"start":{"line":12,"column":6},"end":{"line":14,"column":7}}],"line":12}},"s":{"0":3,"1":3,"2":107,"3":0,"4":107,"5":1,"6":1,"7":1,"8":3,"9":3,"10":3},"f":{"0":3,"1":107,"2":1,"3":1},"b":{"0":[3],"1":[0,107]},"_coverageSchema":"43e27e138ebf9cfc5966b082cf9a028302ed4184","hash":"09cfa025fd447625b0f31be42a384e326f9e6fd0"}
,"/home/fabien/Documents/work/redux-mod-concurrent-queue/src/Scheduler/actions.js": {"path":"/home/fabien/Documents/work/redux-mod-concurrent-queue/src/Scheduler/actions.js","statementMap":{"0":{"start":{"line":9,"column":30},"end":{"line":9,"column":39}},"1":{"start":{"line":16,"column":22},"end":{"line":22,"column":3}},"2":{"start":{"line":24,"column":35},"end":{"line":53,"column":1}},"3":{"start":{"line":26,"column":28},"end":{"line":26,"column":66}},"4":{"start":{"line":27,"column":38},"end":{"line":27,"column":55}},"5":{"start":{"line":28,"column":30},"end":{"line":28,"column":72}},"6":{"start":{"line":30,"column":25},"end":{"line":32,"column":3}},"7":{"start":{"line":31,"column":4},"end":{"line":31,"column":60}},"8":{"start":{"line":34,"column":30},"end":{"line":39,"column":3}},"9":{"start":{"line":35,"column":4},"end":{"line":38,"column":5}},"10":{"start":{"line":36,"column":6},"end":{"line":36,"column":40}},"11":{"start":{"line":37,"column":6},"end":{"line":37,"column":56}},"12":{"start":{"line":41,"column":31},"end":{"line":43,"column":3}},"13":{"start":{"line":42,"column":4},"end":{"line":42,"column":46}},"14":{"start":{"line":44,"column":33},"end":{"line":46,"column":3}},"15":{"start":{"line":45,"column":4},"end":{"line":45,"column":48}},"16":{"start":{"line":47,"column":25},"end":{"line":49,"column":3}},"17":{"start":{"line":48,"column":4},"end":{"line":48,"column":65}},"18":{"start":{"line":51,"column":2},"end":{"line":51,"column":145}},"19":{"start":{"line":56,"column":36},"end":{"line":56,"column":76}},"20":{"start":{"line":58,"column":32},"end":{"line":66,"column":1}}},"fnMap":{"0":{"name":"(anonymous_0)","decl":{"start":{"line":24,"column":35},"end":{"line":24,"column":36}},"loc":{"start":{"line":24,"column":50},"end":{"line":53,"column":1}},"line":24},"1":{"name":"(anonymous_1)","decl":{"start":{"line":30,"column":25},"end":{"line":30,"column":26}},"loc":{"start":{"line":30,"column":35},"end":{"line":32,"column":3}},"line":30},"2":{"name":"(anonymous_2)","decl":{"start":{"line":34,"column":30},"end":{"line":34,"column":31}},"loc":{"start":{"line":34,"column":40},"end":{"line":39,"column":3}},"line":34},"3":{"name":"(anonymous_3)","decl":{"start":{"line":35,"column":11},"end":{"line":35,"column":12}},"loc":{"start":{"line":35,"column":23},"end":{"line":38,"column":5}},"line":35},"4":{"name":"(anonymous_4)","decl":{"start":{"line":41,"column":31},"end":{"line":41,"column":32}},"loc":{"start":{"line":41,"column":35},"end":{"line":43,"column":3}},"line":41},"5":{"name":"(anonymous_5)","decl":{"start":{"line":44,"column":33},"end":{"line":44,"column":34}},"loc":{"start":{"line":44,"column":37},"end":{"line":46,"column":3}},"line":44},"6":{"name":"(anonymous_6)","decl":{"start":{"line":47,"column":25},"end":{"line":47,"column":26}},"loc":{"start":{"line":47,"column":30},"end":{"line":49,"column":3}},"line":47}},"branchMap":{},"s":{"0":2,"1":2,"2":2,"3":2,"4":2,"5":2,"6":2,"7":3,"8":2,"9":1,"10":1,"11":1,"12":2,"13":3,"14":2,"15":0,"16":2,"17":0,"18":2,"19":2,"20":2},"f":{"0":2,"1":3,"2":1,"3":1,"4":3,"5":0,"6":0},"b":{},"_coverageSchema":"43e27e138ebf9cfc5966b082cf9a028302ed4184","hash":"0a8e9e51e783b80da131a7b9c16b799ddaffd01c"}
,"/home/fabien/Documents/work/redux-mod-concurrent-queue/src/Scheduler/index.js": {"path":"/home/fabien/Documents/work/redux-mod-concurrent-queue/src/Scheduler/index.js","statementMap":{"0":{"start":{"line":6,"column":55},"end":{"line":6,"column":62}},"1":{"start":{"line":8,"column":32},"end":{"line":8,"column":53}},"2":{"start":{"line":9,"column":32},"end":{"line":9,"column":62}},"3":{"start":{"line":10,"column":32},"end":{"line":10,"column":45}},"4":{"start":{"line":11,"column":25},"end":{"line":11,"column":52}},"5":{"start":{"line":11,"column":46},"end":{"line":11,"column":51}}},"fnMap":{"0":{"name":"(anonymous_0)","decl":{"start":{"line":11,"column":39},"end":{"line":11,"column":40}},"loc":{"start":{"line":11,"column":46},"end":{"line":11,"column":51}},"line":11}},"branchMap":{},"s":{"0":2,"1":2,"2":2,"3":2,"4":2,"5":2},"f":{"0":2},"b":{},"_coverageSchema":"43e27e138ebf9cfc5966b082cf9a028302ed4184","hash":"4f67e8432986d9810dfe3e28ae9f340d8a61fa22"}
,"/home/fabien/Documents/work/redux-mod-concurrent-queue/src/Scheduler/reducer.js": {"path":"/home/fabien/Documents/work/redux-mod-concurrent-queue/src/Scheduler/reducer.js","statementMap":{"0":{"start":{"line":8,"column":36},"end":{"line":8,"column":42}},"1":{"start":{"line":13,"column":26},"end":{"line":20,"column":3}},"2":{"start":{"line":14,"column":22},"end":{"line":14,"column":45}},"3":{"start":{"line":15,"column":24},"end":{"line":15,"column":49}},"4":{"start":{"line":16,"column":21},"end":{"line":16,"column":44}},"5":{"start":{"line":17,"column":40},"end":{"line":17,"column":47}},"6":{"start":{"line":18,"column":40},"end":{"line":18,"column":47}},"7":{"start":{"line":19,"column":32},"end":{"line":19,"column":36}},"8":{"start":{"line":22,"column":19},"end":{"line":22,"column":63}},"9":{"start":{"line":26,"column":23},"end":{"line":30,"column":4}},"10":{"start":{"line":32,"column":29},"end":{"line":34,"column":4}},"11":{"start":{"line":36,"column":26},"end":{"line":38,"column":4}},"12":{"start":{"line":40,"column":28},"end":{"line":43,"column":4}},"13":{"start":{"line":46,"column":21},"end":{"line":46,"column":51}},"14":{"start":{"line":47,"column":23},"end":{"line":47,"column":57}},"15":{"start":{"line":49,"column":18},"end":{"line":58,"column":3}},"16":{"start":{"line":60,"column":2},"end":{"line":60,"column":16}}},"fnMap":{"0":{"name":"(anonymous_0)","decl":{"start":{"line":10,"column":15},"end":{"line":10,"column":16}},"loc":{"start":{"line":10,"column":47},"end":{"line":61,"column":1}},"line":10},"1":{"name":"(anonymous_1)","decl":{"start":{"line":14,"column":13},"end":{"line":14,"column":14}},"loc":{"start":{"line":14,"column":22},"end":{"line":14,"column":45}},"line":14},"2":{"name":"(anonymous_2)","decl":{"start":{"line":15,"column":15},"end":{"line":15,"column":16}},"loc":{"start":{"line":15,"column":24},"end":{"line":15,"column":49}},"line":15},"3":{"name":"(anonymous_3)","decl":{"start":{"line":16,"column":12},"end":{"line":16,"column":13}},"loc":{"start":{"line":16,"column":21},"end":{"line":16,"column":44}},"line":16},"4":{"name":"(anonymous_4)","decl":{"start":{"line":17,"column":21},"end":{"line":17,"column":22}},"loc":{"start":{"line":17,"column":40},"end":{"line":17,"column":47}},"line":17},"5":{"name":"(anonymous_5)","decl":{"start":{"line":18,"column":21},"end":{"line":18,"column":22}},"loc":{"start":{"line":18,"column":40},"end":{"line":18,"column":47}},"line":18},"6":{"name":"(anonymous_6)","decl":{"start":{"line":19,"column":23},"end":{"line":19,"column":24}},"loc":{"start":{"line":19,"column":32},"end":{"line":19,"column":36}},"line":19}},"branchMap":{"0":{"loc":{"start":{"line":10,"column":27},"end":{"line":10,"column":44}},"type":"default-arg","locations":[{"start":{"line":10,"column":42},"end":{"line":10,"column":44}}],"line":10}},"s":{"0":2,"1":2,"2":2,"3":0,"4":0,"5":0,"6":2,"7":0,"8":2,"9":2,"10":2,"11":2,"12":2,"13":2,"14":2,"15":2,"16":2},"f":{"0":2,"1":2,"2":0,"3":0,"4":0,"5":2,"6":0},"b":{"0":[2]},"_coverageSchema":"43e27e138ebf9cfc5966b082cf9a028302ed4184","hash":"15d15603b5be5c3782e59640a242dc34efd4a8a9"}
,"/home/fabien/Documents/work/redux-mod-concurrent-queue/src/Scheduler/selectors.js": {"path":"/home/fabien/Documents/work/redux-mod-concurrent-queue/src/Scheduler/selectors.js","statementMap":{"0":{"start":{"line":9,"column":25},"end":{"line":9,"column":94}},"1":{"start":{"line":9,"column":81},"end":{"line":9,"column":92}},"2":{"start":{"line":10,"column":24},"end":{"line":10,"column":90}},"3":{"start":{"line":10,"column":78},"end":{"line":10,"column":88}},"4":{"start":{"line":12,"column":27},"end":{"line":15,"column":3}},"5":{"start":{"line":14,"column":13},"end":{"line":14,"column":29}},"6":{"start":{"line":16,"column":26},"end":{"line":19,"column":3}},"7":{"start":{"line":18,"column":13},"end":{"line":18,"column":25}},"8":{"start":{"line":20,"column":26},"end":{"line":23,"column":3}},"9":{"start":{"line":22,"column":13},"end":{"line":22,"column":51}},"10":{"start":{"line":25,"column":31},"end":{"line":28,"column":3}},"11":{"start":{"line":27,"column":13},"end":{"line":27,"column":30}},"12":{"start":{"line":29,"column":19},"end":{"line":32,"column":3}},"13":{"start":{"line":31,"column":13},"end":{"line":31,"column":27}},"14":{"start":{"line":34,"column":21},"end":{"line":34,"column":33}},"15":{"start":{"line":36,"column":26},"end":{"line":41,"column":3}},"16":{"start":{"line":39,"column":6},"end":{"line":39,"column":25}},"17":{"start":{"line":43,"column":22},"end":{"line":43,"column":46}},"18":{"start":{"line":46,"column":32},"end":{"line":55,"column":3}},"19":{"start":{"line":49,"column":6},"end":{"line":53,"column":7}},"20":{"start":{"line":50,"column":8},"end":{"line":50,"column":34}},"21":{"start":{"line":52,"column":8},"end":{"line":52,"column":18}},"22":{"start":{"line":57,"column":40},"end":{"line":65,"column":3}},"23":{"start":{"line":60,"column":6},"end":{"line":63,"column":8}},"24":{"start":{"line":62,"column":8},"end":{"line":62,"column":170}},"25":{"start":{"line":67,"column":20},"end":{"line":72,"column":3}},"26":{"start":{"line":70,"column":6},"end":{"line":70,"column":40}},"27":{"start":{"line":74,"column":2},"end":{"line":89,"column":11}}},"fnMap":{"0":{"name":"(anonymous_0)","decl":{"start":{"line":7,"column":15},"end":{"line":7,"column":16}},"loc":{"start":{"line":7,"column":32},"end":{"line":90,"column":1}},"line":7},"1":{"name":"(anonymous_1)","decl":{"start":{"line":9,"column":74},"end":{"line":9,"column":75}},"loc":{"start":{"line":9,"column":81},"end":{"line":9,"column":92}},"line":9},"2":{"name":"(anonymous_2)","decl":{"start":{"line":10,"column":71},"end":{"line":10,"column":72}},"loc":{"start":{"line":10,"column":78},"end":{"line":10,"column":88}},"line":10},"3":{"name":"(anonymous_3)","decl":{"start":{"line":14,"column":4},"end":{"line":14,"column":5}},"loc":{"start":{"line":14,"column":13},"end":{"line":14,"column":29}},"line":14},"4":{"name":"(anonymous_4)","decl":{"start":{"line":18,"column":4},"end":{"line":18,"column":5}},"loc":{"start":{"line":18,"column":13},"end":{"line":18,"column":25}},"line":18},"5":{"name":"(anonymous_5)","decl":{"start":{"line":22,"column":4},"end":{"line":22,"column":5}},"loc":{"start":{"line":22,"column":13},"end":{"line":22,"column":51}},"line":22},"6":{"name":"(anonymous_6)","decl":{"start":{"line":27,"column":4},"end":{"line":27,"column":5}},"loc":{"start":{"line":27,"column":13},"end":{"line":27,"column":30}},"line":27},"7":{"name":"(anonymous_7)","decl":{"start":{"line":31,"column":4},"end":{"line":31,"column":5}},"loc":{"start":{"line":31,"column":13},"end":{"line":31,"column":27}},"line":31},"8":{"name":"(anonymous_8)","decl":{"start":{"line":38,"column":4},"end":{"line":38,"column":5}},"loc":{"start":{"line":38,"column":20},"end":{"line":40,"column":5}},"line":38},"9":{"name":"(anonymous_9)","decl":{"start":{"line":48,"column":4},"end":{"line":48,"column":5}},"loc":{"start":{"line":48,"column":26},"end":{"line":54,"column":5}},"line":48},"10":{"name":"(anonymous_10)","decl":{"start":{"line":59,"column":4},"end":{"line":59,"column":5}},"loc":{"start":{"line":59,"column":25},"end":{"line":64,"column":5}},"line":59},"11":{"name":"(anonymous_11)","decl":{"start":{"line":60,"column":26},"end":{"line":60,"column":27}},"loc":{"start":{"line":60,"column":33},"end":{"line":63,"column":7}},"line":60},"12":{"name":"(anonymous_12)","decl":{"start":{"line":69,"column":4},"end":{"line":69,"column":5}},"loc":{"start":{"line":69,"column":26},"end":{"line":71,"column":5}},"line":69}},"branchMap":{"0":{"loc":{"start":{"line":49,"column":6},"end":{"line":53,"column":7}},"type":"if","locations":[{"start":{"line":49,"column":6},"end":{"line":53,"column":7}},{"start":{"line":49,"column":6},"end":{"line":53,"column":7}}],"line":49},"1":{"loc":{"start":{"line":62,"column":16},"end":{"line":62,"column":168}},"type":"binary-expr","locations":[{"start":{"line":62,"column":16},"end":{"line":62,"column":71}},{"start":{"line":62,"column":77},"end":{"line":62,"column":133}},{"start":{"line":62,"column":138},"end":{"line":62,"column":166}}],"line":62}},"s":{"0":2,"1":0,"2":2,"3":0,"4":2,"5":0,"6":2,"7":2,"8":2,"9":0,"10":2,"11":0,"12":2,"13":0,"14":2,"15":2,"16":0,"17":2,"18":2,"19":0,"20":0,"21":0,"22":2,"23":0,"24":0,"25":2,"26":0,"27":2},"f":{"0":2,"1":0,"2":0,"3":0,"4":2,"5":0,"6":0,"7":0,"8":0,"9":0,"10":0,"11":0,"12":0},"b":{"0":[0,0],"1":[0,0,0]},"_coverageSchema":"43e27e138ebf9cfc5966b082cf9a028302ed4184","hash":"c38d69049558e3cf06370804ebad5b177fd36d55"}
}
