TN:
SF:/home/fabien/Documents/work/redux-mod-concurrent-queue/src/Job/actions.js
FN:14,(anonymous_0)
FN:16,(anonymous_1)
FN:20,(anonymous_2)
FNF:3
FNH:3
FNDA:6,(anonymous_0)
FNDA:2,(anonymous_1)
FNDA:4,(anonymous_2)
DA:4,4
DA:14,4
DA:16,6
DA:17,2
DA:20,6
DA:21,4
DA:24,6
DA:27,4
LF:8
LH:8
BRF:0
BRH:0
end_of_record
TN:
SF:/home/fabien/Documents/work/redux-mod-concurrent-queue/src/Job/index.js
FN:11,(anonymous_0)
FNF:1
FNH:1
FNDA:1,(anonymous_0)
DA:6,2
DA:8,2
DA:9,2
DA:10,2
DA:11,2
LF:5
LH:5
BRF:0
BRH:0
end_of_record
TN:
SF:/home/fabien/Documents/work/redux-mod-concurrent-queue/src/Job/reducer.js
FN:7,(anonymous_0)
FN:18,(anonymous_1)
FN:26,(anonymous_2)
FNF:3
FNH:3
FNDA:4,(anonymous_0)
FNDA:2,(anonymous_1)
FNDA:1,(anonymous_2)
DA:7,4
DA:9,4
DA:16,4
DA:19,2
DA:20,2
DA:27,1
DA:28,1
DA:29,1
DA:30,1
DA:35,4
DA:38,4
DA:44,4
LF:12
LH:12
BRDA:7,0,0,4
BRF:1
BRH:1
end_of_record
TN:
SF:/home/fabien/Documents/work/redux-mod-concurrent-queue/src/Queue/actions.js
FN:12,(anonymous_0)
FN:14,(anonymous_1)
FN:21,(anonymous_2)
FN:25,(anonymous_3)
FN:28,(anonymous_4)
FN:32,(anonymous_5)
FN:33,(anonymous_6)
FNF:7
FNH:7
FNDA:5,(anonymous_0)
FNDA:108,(anonymous_1)
FNDA:4,(anonymous_2)
FNDA:3,(anonymous_3)
FNDA:3,(anonymous_4)
FNDA:1,(anonymous_5)
FNDA:1,(anonymous_6)
DA:3,3
DA:12,3
DA:14,5
DA:15,108
DA:16,1
DA:18,107
DA:21,5
DA:22,4
DA:25,5
DA:26,3
DA:28,5
DA:29,3
DA:32,5
DA:33,1
DA:34,1
DA:35,1
DA:40,5
DA:44,3
LF:18
LH:18
BRDA:14,0,0,108
BRDA:15,1,0,1
BRDA:15,1,1,107
BRDA:25,2,0,3
BRDA:28,3,0,0
BRF:5
BRH:4
end_of_record
TN:
SF:/home/fabien/Documents/work/redux-mod-concurrent-queue/src/Queue/index.js
FNF:0
FNH:0
DA:6,1
DA:8,1
DA:9,1
DA:10,1
LF:4
LH:4
BRF:0
BRH:0
end_of_record
TN:
SF:/home/fabien/Documents/work/redux-mod-concurrent-queue/src/Queue/queue_item_reducer.js
FN:7,(anonymous_0)
FN:11,(anonymous_1)
FN:23,(anonymous_2)
FN:26,(anonymous_3)
FNF:4
FNH:4
FNDA:3,(anonymous_0)
FNDA:107,(anonymous_1)
FNDA:1,(anonymous_2)
FNDA:1,(anonymous_3)
DA:7,3
DA:10,3
DA:12,107
DA:13,0
DA:15,107
DA:24,1
DA:27,1
DA:28,1
DA:32,3
DA:34,3
DA:41,3
LF:11
LH:10
BRDA:7,0,0,3
BRDA:12,1,0,0
BRDA:12,1,1,107
BRF:3
BRH:2
end_of_record
TN:
SF:/home/fabien/Documents/work/redux-mod-concurrent-queue/src/Scheduler/actions.js
FN:24,(anonymous_0)
FN:30,(anonymous_1)
FN:34,(anonymous_2)
FN:35,(anonymous_3)
FN:41,(anonymous_4)
FN:44,(anonymous_5)
FN:47,(anonymous_6)
FNF:7
FNH:5
FNDA:2,(anonymous_0)
FNDA:3,(anonymous_1)
FNDA:1,(anonymous_2)
FNDA:1,(anonymous_3)
FNDA:3,(anonymous_4)
FNDA:0,(anonymous_5)
FNDA:0,(anonymous_6)
DA:9,2
DA:16,2
DA:24,2
DA:26,2
DA:27,2
DA:28,2
DA:30,2
DA:31,3
DA:34,2
DA:35,1
DA:36,1
DA:37,1
DA:41,2
DA:42,3
DA:44,2
DA:45,0
DA:47,2
DA:48,0
DA:51,2
DA:56,2
DA:58,2
LF:21
LH:19
BRF:0
BRH:0
end_of_record
TN:
SF:/home/fabien/Documents/work/redux-mod-concurrent-queue/src/Scheduler/index.js
FN:11,(anonymous_0)
FNF:1
FNH:1
FNDA:2,(anonymous_0)
DA:6,2
DA:8,2
DA:9,2
DA:10,2
DA:11,2
LF:5
LH:5
BRF:0
BRH:0
end_of_record
TN:
SF:/home/fabien/Documents/work/redux-mod-concurrent-queue/src/Scheduler/reducer.js
FN:10,(anonymous_0)
FN:14,(anonymous_1)
FN:15,(anonymous_2)
FN:16,(anonymous_3)
FN:17,(anonymous_4)
FN:18,(anonymous_5)
FN:19,(anonymous_6)
FNF:7
FNH:3
FNDA:2,(anonymous_0)
FNDA:2,(anonymous_1)
FNDA:0,(anonymous_2)
FNDA:0,(anonymous_3)
FNDA:0,(anonymous_4)
FNDA:2,(anonymous_5)
FNDA:0,(anonymous_6)
DA:8,2
DA:13,2
DA:14,2
DA:15,0
DA:16,0
DA:17,0
DA:18,2
DA:19,0
DA:22,2
DA:26,2
DA:32,2
DA:36,2
DA:40,2
DA:46,2
DA:47,2
DA:49,2
DA:60,2
LF:17
LH:13
BRDA:10,0,0,2
BRF:1
BRH:1
end_of_record
TN:
SF:/home/fabien/Documents/work/redux-mod-concurrent-queue/src/Scheduler/selectors.js
FN:7,(anonymous_0)
FN:9,(anonymous_1)
FN:10,(anonymous_2)
FN:14,(anonymous_3)
FN:18,(anonymous_4)
FN:22,(anonymous_5)
FN:27,(anonymous_6)
FN:31,(anonymous_7)
FN:38,(anonymous_8)
FN:48,(anonymous_9)
FN:59,(anonymous_10)
FN:60,(anonymous_11)
FN:69,(anonymous_12)
FNF:13
FNH:2
FNDA:2,(anonymous_0)
FNDA:0,(anonymous_1)
FNDA:0,(anonymous_2)
FNDA:0,(anonymous_3)
FNDA:2,(anonymous_4)
FNDA:0,(anonymous_5)
FNDA:0,(anonymous_6)
FNDA:0,(anonymous_7)
FNDA:0,(anonymous_8)
FNDA:0,(anonymous_9)
FNDA:0,(anonymous_10)
FNDA:0,(anonymous_11)
FNDA:0,(anonymous_12)
DA:9,2
DA:10,2
DA:12,2
DA:14,0
DA:16,2
DA:18,2
DA:20,2
DA:22,0
DA:25,2
DA:27,0
DA:29,2
DA:31,0
DA:34,2
DA:36,2
DA:39,0
DA:43,2
DA:46,2
DA:49,0
DA:50,0
DA:52,0
DA:57,2
DA:60,0
DA:62,0
DA:67,2
DA:70,0
DA:74,2
LF:26
LH:15
BRDA:49,0,0,0
BRDA:49,0,1,0
BRDA:62,1,0,0
BRDA:62,1,1,0
BRDA:62,1,2,0
BRF:5
BRH:0
end_of_record
