TN:
SF:/home/fabien/Documents/work/redux-mod-concurrent-queue/src/Job/actions.js
FN:14,(anonymous_0)
FN:16,(anonymous_1)
FN:20,(anonymous_2)
FNF:3
FNH:3
FNDA:2,(anonymous_0)
FNDA:1,(anonymous_1)
FNDA:4,(anonymous_2)
DA:4,2
DA:14,2
DA:16,2
DA:17,1
DA:20,2
DA:21,4
DA:24,2
DA:27,2
LF:8
LH:8
BRF:0
BRH:0
end_of_record
TN:
SF:/home/fabien/Documents/work/redux-mod-concurrent-queue/src/Job/index.js
FN:11,(anonymous_0)
FNF:1
FNH:1
FNDA:1,(anonymous_0)
DA:6,2
DA:8,2
DA:9,2
DA:10,2
DA:11,2
LF:5
LH:5
BRF:0
BRH:0
end_of_record
TN:
SF:/home/fabien/Documents/work/redux-mod-concurrent-queue/src/Job/reducer.js
FN:7,(anonymous_0)
FN:18,(anonymous_1)
FN:26,(anonymous_2)
FNF:3
FNH:3
FNDA:2,(anonymous_0)
FNDA:2,(anonymous_1)
FNDA:1,(anonymous_2)
DA:7,2
DA:9,2
DA:16,2
DA:19,2
DA:20,2
DA:27,1
DA:28,1
DA:29,1
DA:30,1
DA:35,2
DA:38,2
DA:44,2
LF:12
LH:12
BRDA:7,0,0,2
BRF:1
BRH:1
end_of_record
TN:
SF:/home/fabien/Documents/work/redux-mod-concurrent-queue/src/Job/selectors.js
FN:6,(anonymous_0)
FN:8,(anonymous_1)
FN:12,(anonymous_2)
FN:14,(anonymous_3)
FNF:4
FNH:2
FNDA:2,(anonymous_0)
FNDA:1,(anonymous_1)
FNDA:0,(anonymous_2)
FNDA:0,(anonymous_3)
DA:8,2
DA:10,2
DA:13,0
DA:14,0
DA:18,2
LF:5
LH:3
BRDA:14,0,0,0
BRDA:14,0,1,0
BRF:2
BRH:0
end_of_record
TN:
SF:/home/fabien/Documents/work/redux-mod-concurrent-queue/src/Queue/actions.js
FN:12,(anonymous_0)
FN:14,(anonymous_1)
FN:21,(anonymous_2)
FN:25,(anonymous_3)
FN:28,(anonymous_4)
FN:32,(anonymous_5)
FN:33,(anonymous_6)
FNF:7
FNH:7
FNDA:1,(anonymous_0)
FNDA:108,(anonymous_1)
FNDA:4,(anonymous_2)
FNDA:3,(anonymous_3)
FNDA:3,(anonymous_4)
FNDA:1,(anonymous_5)
FNDA:1,(anonymous_6)
DA:3,1
DA:12,1
DA:14,1
DA:15,108
DA:16,1
DA:18,107
DA:21,1
DA:22,4
DA:25,1
DA:26,3
DA:28,1
DA:29,3
DA:32,1
DA:33,1
DA:34,1
DA:35,1
DA:40,1
DA:44,1
LF:18
LH:18
BRDA:14,0,0,108
BRDA:15,1,0,1
BRDA:15,1,1,107
BRDA:25,2,0,3
BRDA:28,3,0,0
BRF:5
BRH:4
end_of_record
TN:
SF:/home/fabien/Documents/work/redux-mod-concurrent-queue/src/Queue/index.js
FNF:0
FNH:0
DA:6,1
DA:8,1
DA:9,1
DA:10,1
LF:4
LH:4
BRF:0
BRH:0
end_of_record
TN:
SF:/home/fabien/Documents/work/redux-mod-concurrent-queue/src/Queue/queue_item_reducer.js
FN:7,(anonymous_0)
FN:11,(anonymous_1)
FN:23,(anonymous_2)
FN:26,(anonymous_3)
FNF:4
FNH:4
FNDA:1,(anonymous_0)
FNDA:107,(anonymous_1)
FNDA:1,(anonymous_2)
FNDA:1,(anonymous_3)
DA:7,1
DA:10,1
DA:12,107
DA:13,0
DA:15,107
DA:24,1
DA:27,1
DA:28,1
DA:32,1
DA:34,1
DA:41,1
LF:11
LH:10
BRDA:7,0,0,1
BRDA:12,1,0,0
BRDA:12,1,1,107
BRF:3
BRH:2
end_of_record
TN:
SF:/home/fabien/Documents/work/redux-mod-concurrent-queue/src/Queue/queue_reducer.js
FN:5,(anonymous_0)
FN:10,(anonymous_1)
FN:17,(anonymous_2)
FN:26,(anonymous_3)
FN:35,(anonymous_4)
FN:40,(anonymous_5)
FN:41,(anonymous_6)
FNF:7
FNH:7
FNDA:1,(anonymous_0)
FNDA:107,(anonymous_1)
FNDA:4,(anonymous_2)
FNDA:102,(anonymous_3)
FNDA:2,(anonymous_4)
FNDA:4,(anonymous_5)
FNDA:2,(anonymous_6)
DA:5,1
DA:7,1
DA:9,1
DA:11,107
DA:12,107
DA:14,107
DA:18,4
DA:19,4
DA:20,4
DA:26,4
DA:27,102
DA:28,102
DA:36,2
DA:37,2
DA:38,2
DA:40,4
DA:41,2
DA:47,1
DA:49,1
DA:56,1
LF:20
LH:20
BRDA:5,0,0,1
BRF:1
BRH:1
end_of_record
TN:
SF:/home/fabien/Documents/work/redux-mod-concurrent-queue/src/Queue/reducer.js
FN:5,(anonymous_0)
FN:11,(anonymous_1)
FN:17,(anonymous_2)
FNF:3
FNH:3
FNDA:1,(anonymous_0)
FNDA:107,(anonymous_1)
FNDA:6,(anonymous_2)
DA:5,1
DA:7,1
DA:10,1
DA:12,107
DA:13,107
DA:14,107
DA:19,6
DA:20,6
DA:21,6
DA:23,6
DA:27,1
DA:29,1
DA:36,1
LF:13
LH:13
BRDA:5,0,0,1
BRF:1
BRH:1
end_of_record
TN:
SF:/home/fabien/Documents/work/redux-mod-concurrent-queue/src/Queue/selectors.js
FN:4,(anonymous_0)
FN:8,(anonymous_1)
FN:11,(anonymous_2)
FN:14,(anonymous_3)
FN:14,(anonymous_4)
FNF:5
FNH:0
FNDA:0,(anonymous_0)
FNDA:0,(anonymous_1)
FNDA:0,(anonymous_2)
FNDA:0,(anonymous_3)
FNDA:0,(anonymous_4)
DA:4,1
DA:6,0
DA:8,0
DA:11,0
DA:12,0
DA:14,0
DA:18,0
LF:7
LH:1
BRF:0
BRH:0
end_of_record
